<?xml version="1.0" encoding="UTF-8"?>
<testng-results skipped="0" failed="0" total="1" passed="1">
  <reporter-output>
  </reporter-output>
  <suite name="Default suite" duration-ms="56795" started-at="2019-05-22T21:23:58Z" finished-at="2019-05-22T21:24:55Z">
    <groups>
    </groups>
    <test name="Default test" duration-ms="56795" started-at="2019-05-22T21:23:58Z" finished-at="2019-05-22T21:24:55Z">
      <class name="test.DocsAndSupportFeature">
        <test-method status="PASS" signature="openBrowser()[pri:0, instance:test.DocsAndSupportFeature@326de728]" name="openBrowser" is-config="true" duration-ms="6362" started-at="2019-05-23T02:53:58Z" finished-at="2019-05-23T02:54:04Z">
          <reporter-output>
          </reporter-output>
        </test-method> <!-- openBrowser -->
        <test-method status="PASS" signature="testDocsAndSupportButton()[pri:0, instance:test.DocsAndSupportFeature@326de728]" name="testDocsAndSupportButton" duration-ms="48317" started-at="2019-05-23T02:54:04Z" finished-at="2019-05-23T02:54:53Z">
          <reporter-output>
          </reporter-output>
        </test-method> <!-- testDocsAndSupportButton -->
        <test-method status="PASS" signature="closeBrowser()[pri:0, instance:test.DocsAndSupportFeature@326de728]" name="closeBrowser" is-config="true" duration-ms="2102" started-at="2019-05-23T02:54:53Z" finished-at="2019-05-23T02:54:55Z">
          <reporter-output>
          </reporter-output>
        </test-method> <!-- closeBrowser -->
      </class> <!-- test.DocsAndSupportFeature -->
    </test> <!-- Default test -->
  </suite> <!-- Default suite -->
</testng-results>
